<?xml version="1.0" encoding="UTF-8"?>
<!-- Generated by org.testng.reporters.JUnitReportReporter -->
<testsuite hostname="DESKTOP-6LB8055" failures="0" tests="1" name="com.flipkart.FlipkartTestingUsingAppium" time="31.206" errors="0" timestamp="2022-12-31T16:25:01 IST" skipped="0">
  <testcase classname="com.flipkart.FlipkartTestingUsingAppium" name="TestFlipkartMethod" time="31.206"/>
  <system-out/>
</testsuite> <!-- com.flipkart.FlipkartTestingUsingAppium -->
